<?xml version="1.0" encoding="UTF-8"?>
<!-- Generated by org.testng.reporters.JUnitXMLReporter -->
<testsuite hostname="RavindraGarapat" ignored="0" name="Test" tests="1" failures="1" timestamp="23 Feb 2019 08:49:35 GMT" time="21.927" errors="0">
  <testcase name="loginWithValidCredentials" time="9.955" classname="com.sel.tests.LoginTest">
    <failure type="java.lang.AssertionError" message="expected [ADD STAFFfsd] but found [ADD STAFF]">
      <![CDATA[java.lang.AssertionError: expected [ADD STAFFfsd] but found [ADD STAFF]
at com.sel.tests.LoginTest.loginWithValidCredentials(LoginTest.java:43)
at java.util.concurrent.ThreadPoolExecutor.runWorker(ThreadPoolExecutor.java:1149)
at java.util.concurrent.ThreadPoolExecutor$Worker.run(ThreadPoolExecutor.java:624)
at java.lang.Thread.run(Thread.java:748)
... Removed 16 stack frames]]>
    </failure>
  </testcase> <!-- loginWithValidCredentials -->
</testsuite> <!-- Test -->
