-------------------------------------------------------------------------------
Test set: TestSuite
-------------------------------------------------------------------------------
Tests run: 1, Failures: 1, Errors: 0, Skipped: 0, Time elapsed: 23.375 s <<< FAILURE! - in TestSuite
loginWithValidCredentials(com.sel.tests.LoginTest)  Time elapsed: 10.005 s  <<< FAILURE!
java.lang.AssertionError: expected [ADD STAFFfsd] but found [ADD STAFF]
	at com.sel.tests.LoginTest.loginWithValidCredentials(LoginTest.java:43)

